<?xml version="1.0" encoding="UTF-8"?>
<testsuite xmlns:xsi="http://www.w3.org/2001/XMLSchema-instance" xsi:noNamespaceSchemaLocation="https://maven.apache.org/surefire/maven-surefire-plugin/xsd/surefire-test-report.xsd" name="com.beiwangshan.blog.TestEmailSender" time="0.004" tests="0" errors="0" skipped="0" failures="0">
  <properties>
    <property name="sun.desktop" value="windows"/>
    <property name="awt.toolkit" value="sun.awt.windows.WToolkit"/>
    <property name="file.encoding.pkg" value="sun.io"/>
    <property name="java.specification.version" value="1.8"/>
    <property name="sun.cpu.isalist" value="amd64"/>
    <property name="sun.jnu.encoding" value="GBK"/>
    <property name="java.class.path" value="G:\毕业设计\blog\code\bws_blog\target\test-classes;G:\毕业设计\blog\code\bws_blog\target\classes;D:\apache-maven-3.6.3\repository\org\springframework\boot\spring-boot-starter-web\2.3.5.RELEASE\spring-boot-starter-web-2.3.5.RELEASE.jar;D:\apache-maven-3.6.3\repository\org\springframework\boot\spring-boot-starter\2.3.5.RELEASE\spring-boot-starter-2.3.5.RELEASE.jar;D:\apache-maven-3.6.3\repository\org\springframework\boot\spring-boot\2.3.5.RELEASE\spring-boot-2.3.5.RELEASE.jar;D:\apache-maven-3.6.3\repository\org\springframework\boot\spring-boot-autoconfigure\2.3.5.RELEASE\spring-boot-autoconfigure-2.3.5.RELEASE.jar;D:\apache-maven-3.6.3\repository\org\springframework\boot\spring-boot-starter-logging\2.3.5.RELEASE\spring-boot-starter-logging-2.3.5.RELEASE.jar;D:\apache-maven-3.6.3\repository\ch\qos\logback\logback-classic\1.2.3\logback-classic-1.2.3.jar;D:\apache-maven-3.6.3\repository\ch\qos\logback\logback-core\1.2.3\logback-core-1.2.3.jar;D:\apache-maven-3.6.3\repository\org\apache\logging\log4j\log4j-to-slf4j\2.13.3\log4j-to-slf4j-2.13.3.jar;D:\apache-maven-3.6.3\repository\org\apache\logging\log4j\log4j-api\2.13.3\log4j-api-2.13.3.jar;D:\apache-maven-3.6.3\repository\org\slf4j\jul-to-slf4j\1.7.30\jul-to-slf4j-1.7.30.jar;D:\apache-maven-3.6.3\repository\jakarta\annotation\jakarta.annotation-api\1.3.5\jakarta.annotation-api-1.3.5.jar;D:\apache-maven-3.6.3\repository\org\springframework\spring-core\5.2.10.RELEASE\spring-core-5.2.10.RELEASE.jar;D:\apache-maven-3.6.3\repository\org\springframework\spring-jcl\5.2.10.RELEASE\spring-jcl-5.2.10.RELEASE.jar;D:\apache-maven-3.6.3\repository\org\yaml\snakeyaml\1.26\snakeyaml-1.26.jar;D:\apache-maven-3.6.3\repository\org\springframework\boot\spring-boot-starter-json\2.3.5.RELEASE\spring-boot-starter-json-2.3.5.RELEASE.jar;D:\apache-maven-3.6.3\repository\com\fasterxml\jackson\datatype\jackson-datatype-jdk8\2.11.3\jackson-datatype-jdk8-2.11.3.jar;D:\apache-maven-3.6.3\repository\com\fasterxml\jackson\datatype\jackson-datatype-jsr310\2.11.3\jackson-datatype-jsr310-2.11.3.jar;D:\apache-maven-3.6.3\repository\com\fasterxml\jackson\module\jackson-module-parameter-names\2.11.3\jackson-module-parameter-names-2.11.3.jar;D:\apache-maven-3.6.3\repository\org\springframework\boot\spring-boot-starter-tomcat\2.3.5.RELEASE\spring-boot-starter-tomcat-2.3.5.RELEASE.jar;D:\apache-maven-3.6.3\repository\org\apache\tomcat\embed\tomcat-embed-core\9.0.39\tomcat-embed-core-9.0.39.jar;D:\apache-maven-3.6.3\repository\org\glassfish\jakarta.el\3.0.3\jakarta.el-3.0.3.jar;D:\apache-maven-3.6.3\repository\org\apache\tomcat\embed\tomcat-embed-websocket\9.0.39\tomcat-embed-websocket-9.0.39.jar;D:\apache-maven-3.6.3\repository\org\springframework\spring-web\5.2.10.RELEASE\spring-web-5.2.10.RELEASE.jar;D:\apache-maven-3.6.3\repository\org\springframework\spring-beans\5.2.10.RELEASE\spring-beans-5.2.10.RELEASE.jar;D:\apache-maven-3.6.3\repository\org\springframework\spring-webmvc\5.2.10.RELEASE\spring-webmvc-5.2.10.RELEASE.jar;D:\apache-maven-3.6.3\repository\org\springframework\spring-context\5.2.10.RELEASE\spring-context-5.2.10.RELEASE.jar;D:\apache-maven-3.6.3\repository\org\springframework\spring-expression\5.2.10.RELEASE\spring-expression-5.2.10.RELEASE.jar;D:\apache-maven-3.6.3\repository\org\apache\commons\commons-pool2\2.8.1\commons-pool2-2.8.1.jar;D:\apache-maven-3.6.3\repository\org\springframework\boot\spring-boot-starter-data-jpa\2.3.5.RELEASE\spring-boot-starter-data-jpa-2.3.5.RELEASE.jar;D:\apache-maven-3.6.3\repository\org\springframework\boot\spring-boot-starter-aop\2.3.5.RELEASE\spring-boot-starter-aop-2.3.5.RELEASE.jar;D:\apache-maven-3.6.3\repository\org\aspectj\aspectjweaver\1.9.6\aspectjweaver-1.9.6.jar;D:\apache-maven-3.6.3\repository\org\springframework\boot\spring-boot-starter-jdbc\2.3.5.RELEASE\spring-boot-starter-jdbc-2.3.5.RELEASE.jar;D:\apache-maven-3.6.3\repository\com\zaxxer\HikariCP\3.4.5\HikariCP-3.4.5.jar;D:\apache-maven-3.6.3\repository\org\springframework\spring-jdbc\5.2.10.RELEASE\spring-jdbc-5.2.10.RELEASE.jar;D:\apache-maven-3.6.3\repository\jakarta\transaction\jakarta.transaction-api\1.3.3\jakarta.transaction-api-1.3.3.jar;D:\apache-maven-3.6.3\repository\jakarta\persistence\jakarta.persistence-api\2.2.3\jakarta.persistence-api-2.2.3.jar;D:\apache-maven-3.6.3\repository\org\hibernate\hibernate-core\5.4.22.Final\hibernate-core-5.4.22.Final.jar;D:\apache-maven-3.6.3\repository\org\jboss\logging\jboss-logging\3.4.1.Final\jboss-logging-3.4.1.Final.jar;D:\apache-maven-3.6.3\repository\org\javassist\javassist\3.24.0-GA\javassist-3.24.0-GA.jar;D:\apache-maven-3.6.3\repository\net\bytebuddy\byte-buddy\1.10.17\byte-buddy-1.10.17.jar;D:\apache-maven-3.6.3\repository\antlr\antlr\2.7.7\antlr-2.7.7.jar;D:\apache-maven-3.6.3\repository\org\jboss\jandex\2.1.3.Final\jandex-2.1.3.Final.jar;D:\apache-maven-3.6.3\repository\org\dom4j\dom4j\2.1.3\dom4j-2.1.3.jar;D:\apache-maven-3.6.3\repository\org\hibernate\common\hibernate-commons-annotations\5.1.0.Final\hibernate-commons-annotations-5.1.0.Final.jar;D:\apache-maven-3.6.3\repository\org\glassfish\jaxb\jaxb-runtime\2.3.3\jaxb-runtime-2.3.3.jar;D:\apache-maven-3.6.3\repository\jakarta\xml\bind\jakarta.xml.bind-api\2.3.3\jakarta.xml.bind-api-2.3.3.jar;D:\apache-maven-3.6.3\repository\org\glassfish\jaxb\txw2\2.3.3\txw2-2.3.3.jar;D:\apache-maven-3.6.3\repository\com\sun\istack\istack-commons-runtime\3.0.11\istack-commons-runtime-3.0.11.jar;D:\apache-maven-3.6.3\repository\com\sun\activation\jakarta.activation\1.2.2\jakarta.activation-1.2.2.jar;D:\apache-maven-3.6.3\repository\org\springframework\data\spring-data-jpa\2.3.5.RELEASE\spring-data-jpa-2.3.5.RELEASE.jar;D:\apache-maven-3.6.3\repository\org\springframework\data\spring-data-commons\2.3.5.RELEASE\spring-data-commons-2.3.5.RELEASE.jar;D:\apache-maven-3.6.3\repository\org\springframework\spring-orm\5.2.10.RELEASE\spring-orm-5.2.10.RELEASE.jar;D:\apache-maven-3.6.3\repository\org\springframework\spring-tx\5.2.10.RELEASE\spring-tx-5.2.10.RELEASE.jar;D:\apache-maven-3.6.3\repository\org\springframework\spring-aspects\5.2.10.RELEASE\spring-aspects-5.2.10.RELEASE.jar;D:\apache-maven-3.6.3\repository\mysql\mysql-connector-java\8.0.22\mysql-connector-java-8.0.22.jar;D:\apache-maven-3.6.3\repository\org\projectlombok\lombok\1.18.12\lombok-1.18.12.jar;D:\apache-maven-3.6.3\repository\io\springfox\springfox-swagger2\2.9.2\springfox-swagger2-2.9.2.jar;D:\apache-maven-3.6.3\repository\io\swagger\swagger-annotations\1.5.20\swagger-annotations-1.5.20.jar;D:\apache-maven-3.6.3\repository\io\swagger\swagger-models\1.5.20\swagger-models-1.5.20.jar;D:\apache-maven-3.6.3\repository\com\fasterxml\jackson\core\jackson-annotations\2.11.3\jackson-annotations-2.11.3.jar;D:\apache-maven-3.6.3\repository\io\springfox\springfox-spi\2.9.2\springfox-spi-2.9.2.jar;D:\apache-maven-3.6.3\repository\io\springfox\springfox-core\2.9.2\springfox-core-2.9.2.jar;D:\apache-maven-3.6.3\repository\io\springfox\springfox-schema\2.9.2\springfox-schema-2.9.2.jar;D:\apache-maven-3.6.3\repository\io\springfox\springfox-swagger-common\2.9.2\springfox-swagger-common-2.9.2.jar;D:\apache-maven-3.6.3\repository\io\springfox\springfox-spring-web\2.9.2\springfox-spring-web-2.9.2.jar;D:\apache-maven-3.6.3\repository\com\google\guava\guava\20.0\guava-20.0.jar;D:\apache-maven-3.6.3\repository\com\fasterxml\classmate\1.5.1\classmate-1.5.1.jar;D:\apache-maven-3.6.3\repository\org\slf4j\slf4j-api\1.7.30\slf4j-api-1.7.30.jar;D:\apache-maven-3.6.3\repository\org\springframework\plugin\spring-plugin-core\1.2.0.RELEASE\spring-plugin-core-1.2.0.RELEASE.jar;D:\apache-maven-3.6.3\repository\org\springframework\plugin\spring-plugin-metadata\1.2.0.RELEASE\spring-plugin-metadata-1.2.0.RELEASE.jar;D:\apache-maven-3.6.3\repository\org\mapstruct\mapstruct\1.2.0.Final\mapstruct-1.2.0.Final.jar;D:\apache-maven-3.6.3\repository\io\springfox\springfox-swagger-ui\2.9.2\springfox-swagger-ui-2.9.2.jar;D:\apache-maven-3.6.3\repository\com\github\xiaoymin\swagger-bootstrap-ui\1.8.1\swagger-bootstrap-ui-1.8.1.jar;D:\apache-maven-3.6.3\repository\org\springframework\boot\spring-boot-starter-security\2.3.5.RELEASE\spring-boot-starter-security-2.3.5.RELEASE.jar;D:\apache-maven-3.6.3\repository\org\springframework\spring-aop\5.2.10.RELEASE\spring-aop-5.2.10.RELEASE.jar;D:\apache-maven-3.6.3\repository\org\springframework\security\spring-security-config\5.3.5.RELEASE\spring-security-config-5.3.5.RELEASE.jar;D:\apache-maven-3.6.3\repository\org\springframework\security\spring-security-core\5.3.5.RELEASE\spring-security-core-5.3.5.RELEASE.jar;D:\apache-maven-3.6.3\repository\org\springframework\security\spring-security-web\5.3.5.RELEASE\spring-security-web-5.3.5.RELEASE.jar;D:\apache-maven-3.6.3\repository\com\github\whvcse\easy-captcha\1.6.2\easy-captcha-1.6.2.jar;D:\apache-maven-3.6.3\repository\com\sun\mail\javax.mail\1.6.2\javax.mail-1.6.2.jar;D:\apache-maven-3.6.3\repository\javax\activation\activation\1.1\activation-1.1.jar;D:\apache-maven-3.6.3\repository\io\jsonwebtoken\jjwt\0.6.0\jjwt-0.6.0.jar;D:\apache-maven-3.6.3\repository\com\fasterxml\jackson\core\jackson-databind\2.11.3\jackson-databind-2.11.3.jar;D:\apache-maven-3.6.3\repository\com\fasterxml\jackson\core\jackson-core\2.11.3\jackson-core-2.11.3.jar;D:\apache-maven-3.6.3\repository\org\springframework\boot\spring-boot-starter-data-redis\2.3.5.RELEASE\spring-boot-starter-data-redis-2.3.5.RELEASE.jar;D:\apache-maven-3.6.3\repository\org\springframework\data\spring-data-redis\2.3.5.RELEASE\spring-data-redis-2.3.5.RELEASE.jar;D:\apache-maven-3.6.3\repository\org\springframework\data\spring-data-keyvalue\2.3.5.RELEASE\spring-data-keyvalue-2.3.5.RELEASE.jar;D:\apache-maven-3.6.3\repository\org\springframework\spring-oxm\5.2.10.RELEASE\spring-oxm-5.2.10.RELEASE.jar;D:\apache-maven-3.6.3\repository\org\springframework\spring-context-support\5.2.10.RELEASE\spring-context-support-5.2.10.RELEASE.jar;D:\apache-maven-3.6.3\repository\io\lettuce\lettuce-core\5.3.5.RELEASE\lettuce-core-5.3.5.RELEASE.jar;D:\apache-maven-3.6.3\repository\io\netty\netty-common\4.1.53.Final\netty-common-4.1.53.Final.jar;D:\apache-maven-3.6.3\repository\io\netty\netty-handler\4.1.53.Final\netty-handler-4.1.53.Final.jar;D:\apache-maven-3.6.3\repository\io\netty\netty-resolver\4.1.53.Final\netty-resolver-4.1.53.Final.jar;D:\apache-maven-3.6.3\repository\io\netty\netty-buffer\4.1.53.Final\netty-buffer-4.1.53.Final.jar;D:\apache-maven-3.6.3\repository\io\netty\netty-codec\4.1.53.Final\netty-codec-4.1.53.Final.jar;D:\apache-maven-3.6.3\repository\io\netty\netty-transport\4.1.53.Final\netty-transport-4.1.53.Final.jar;D:\apache-maven-3.6.3\repository\io\projectreactor\reactor-core\3.3.11.RELEASE\reactor-core-3.3.11.RELEASE.jar;D:\apache-maven-3.6.3\repository\org\reactivestreams\reactive-streams\1.0.3\reactive-streams-1.0.3.jar;D:\apache-maven-3.6.3\repository\com\google\code\gson\gson\2.8.5\gson-2.8.5.jar;D:\apache-maven-3.6.3\repository\org\springframework\boot\spring-boot-starter-data-solr\2.3.5.RELEASE\spring-boot-starter-data-solr-2.3.5.RELEASE.jar;D:\apache-maven-3.6.3\repository\org\springframework\data\spring-data-solr\4.2.5.RELEASE\spring-data-solr-4.2.5.RELEASE.jar;D:\apache-maven-3.6.3\repository\org\apache\commons\commons-lang3\3.10\commons-lang3-3.10.jar;D:\apache-maven-3.6.3\repository\org\apache\solr\solr-solrj\8.5.2\solr-solrj-8.5.2.jar;D:\apache-maven-3.6.3\repository\commons-io\commons-io\2.6\commons-io-2.6.jar;D:\apache-maven-3.6.3\repository\io\netty\netty-transport-native-epoll\4.1.53.Final\netty-transport-native-epoll-4.1.53.Final.jar;D:\apache-maven-3.6.3\repository\io\netty\netty-transport-native-unix-common\4.1.53.Final\netty-transport-native-unix-common-4.1.53.Final.jar;D:\apache-maven-3.6.3\repository\org\apache\commons\commons-math3\3.6.1\commons-math3-3.6.1.jar;D:\apache-maven-3.6.3\repository\org\apache\httpcomponents\httpclient\4.5.13\httpclient-4.5.13.jar;D:\apache-maven-3.6.3\repository\org\apache\httpcomponents\httpcore\4.4.13\httpcore-4.4.13.jar;D:\apache-maven-3.6.3\repository\org\apache\httpcomponents\httpmime\4.5.13\httpmime-4.5.13.jar;D:\apache-maven-3.6.3\repository\org\apache\zookeeper\zookeeper\3.5.5\zookeeper-3.5.5.jar;D:\apache-maven-3.6.3\repository\org\apache\zookeeper\zookeeper-jute\3.5.5\zookeeper-jute-3.5.5.jar;D:\apache-maven-3.6.3\repository\org\eclipse\jetty\jetty-alpn-client\9.4.33.v20201020\jetty-alpn-client-9.4.33.v20201020.jar;D:\apache-maven-3.6.3\repository\org\eclipse\jetty\jetty-alpn-java-client\9.4.33.v20201020\jetty-alpn-java-client-9.4.33.v20201020.jar;D:\apache-maven-3.6.3\repository\org\eclipse\jetty\jetty-client\9.4.33.v20201020\jetty-client-9.4.33.v20201020.jar;D:\apache-maven-3.6.3\repository\org\eclipse\jetty\jetty-http\9.4.33.v20201020\jetty-http-9.4.33.v20201020.jar;D:\apache-maven-3.6.3\repository\org\eclipse\jetty\jetty-io\9.4.33.v20201020\jetty-io-9.4.33.v20201020.jar;D:\apache-maven-3.6.3\repository\org\eclipse\jetty\jetty-util\9.4.33.v20201020\jetty-util-9.4.33.v20201020.jar;D:\apache-maven-3.6.3\repository\org\eclipse\jetty\http2\http2-client\9.4.33.v20201020\http2-client-9.4.33.v20201020.jar;D:\apache-maven-3.6.3\repository\org\eclipse\jetty\http2\http2-common\9.4.33.v20201020\http2-common-9.4.33.v20201020.jar;D:\apache-maven-3.6.3\repository\org\eclipse\jetty\http2\http2-hpack\9.4.33.v20201020\http2-hpack-9.4.33.v20201020.jar;D:\apache-maven-3.6.3\repository\org\eclipse\jetty\http2\http2-http-client-transport\9.4.33.v20201020\http2-http-client-transport-9.4.33.v20201020.jar;D:\apache-maven-3.6.3\repository\org\eclipse\jetty\jetty-alpn-openjdk8-client\9.4.33.v20201020\jetty-alpn-openjdk8-client-9.4.33.v20201020.jar;D:\apache-maven-3.6.3\repository\com\vladsch\flexmark\flexmark-all\0.50.44\flexmark-all-0.50.44.jar;D:\apache-maven-3.6.3\repository\com\vladsch\flexmark\flexmark\0.50.44\flexmark-0.50.44.jar;D:\apache-maven-3.6.3\repository\com\vladsch\flexmark\flexmark-ext-abbreviation\0.50.44\flexmark-ext-abbreviation-0.50.44.jar;D:\apache-maven-3.6.3\repository\com\vladsch\flexmark\flexmark-ext-admonition\0.50.44\flexmark-ext-admonition-0.50.44.jar;D:\apache-maven-3.6.3\repository\com\vladsch\flexmark\flexmark-ext-anchorlink\0.50.44\flexmark-ext-anchorlink-0.50.44.jar;D:\apache-maven-3.6.3\repository\com\vladsch\flexmark\flexmark-ext-aside\0.50.44\flexmark-ext-aside-0.50.44.jar;D:\apache-maven-3.6.3\repository\com\vladsch\flexmark\flexmark-ext-attributes\0.50.44\flexmark-ext-attributes-0.50.44.jar;D:\apache-maven-3.6.3\repository\com\vladsch\flexmark\flexmark-ext-autolink\0.50.44\flexmark-ext-autolink-0.50.44.jar;D:\apache-maven-3.6.3\repository\org\nibor\autolink\autolink\0.6.0\autolink-0.6.0.jar;D:\apache-maven-3.6.3\repository\com\vladsch\flexmark\flexmark-ext-definition\0.50.44\flexmark-ext-definition-0.50.44.jar;D:\apache-maven-3.6.3\repository\com\vladsch\flexmark\flexmark-ext-emoji\0.50.44\flexmark-ext-emoji-0.50.44.jar;D:\apache-maven-3.6.3\repository\com\vladsch\flexmark\flexmark-ext-enumerated-reference\0.50.44\flexmark-ext-enumerated-reference-0.50.44.jar;D:\apache-maven-3.6.3\repository\com\vladsch\flexmark\flexmark-ext-escaped-character\0.50.44\flexmark-ext-escaped-character-0.50.44.jar;D:\apache-maven-3.6.3\repository\com\vladsch\flexmark\flexmark-ext-footnotes\0.50.44\flexmark-ext-footnotes-0.50.44.jar;D:\apache-maven-3.6.3\repository\com\vladsch\flexmark\flexmark-ext-gfm-issues\0.50.44\flexmark-ext-gfm-issues-0.50.44.jar;D:\apache-maven-3.6.3\repository\com\vladsch\flexmark\flexmark-ext-gfm-strikethrough\0.50.44\flexmark-ext-gfm-strikethrough-0.50.44.jar;D:\apache-maven-3.6.3\repository\com\vladsch\flexmark\flexmark-ext-gfm-tables\0.50.44\flexmark-ext-gfm-tables-0.50.44.jar;D:\apache-maven-3.6.3\repository\com\vladsch\flexmark\flexmark-ext-gfm-tasklist\0.50.44\flexmark-ext-gfm-tasklist-0.50.44.jar;D:\apache-maven-3.6.3\repository\com\vladsch\flexmark\flexmark-ext-gfm-users\0.50.44\flexmark-ext-gfm-users-0.50.44.jar;D:\apache-maven-3.6.3\repository\com\vladsch\flexmark\flexmark-ext-gitlab\0.50.44\flexmark-ext-gitlab-0.50.44.jar;D:\apache-maven-3.6.3\repository\com\vladsch\flexmark\flexmark-ext-jekyll-front-matter\0.50.44\flexmark-ext-jekyll-front-matter-0.50.44.jar;D:\apache-maven-3.6.3\repository\com\vladsch\flexmark\flexmark-ext-jekyll-tag\0.50.44\flexmark-ext-jekyll-tag-0.50.44.jar;D:\apache-maven-3.6.3\repository\com\vladsch\flexmark\flexmark-ext-media-tags\0.50.44\flexmark-ext-media-tags-0.50.44.jar;D:\apache-maven-3.6.3\repository\com\vladsch\flexmark\flexmark-ext-macros\0.50.44\flexmark-ext-macros-0.50.44.jar;D:\apache-maven-3.6.3\repository\com\vladsch\flexmark\flexmark-ext-ins\0.50.44\flexmark-ext-ins-0.50.44.jar;D:\apache-maven-3.6.3\repository\com\vladsch\flexmark\flexmark-ext-xwiki-macros\0.50.44\flexmark-ext-xwiki-macros-0.50.44.jar;D:\apache-maven-3.6.3\repository\com\vladsch\flexmark\flexmark-ext-superscript\0.50.44\flexmark-ext-superscript-0.50.44.jar;D:\apache-maven-3.6.3\repository\com\vladsch\flexmark\flexmark-ext-tables\0.50.44\flexmark-ext-tables-0.50.44.jar;D:\apache-maven-3.6.3\repository\com\vladsch\flexmark\flexmark-ext-toc\0.50.44\flexmark-ext-toc-0.50.44.jar;D:\apache-maven-3.6.3\repository\com\vladsch\flexmark\flexmark-ext-typographic\0.50.44\flexmark-ext-typographic-0.50.44.jar;D:\apache-maven-3.6.3\repository\com\vladsch\flexmark\flexmark-ext-wikilink\0.50.44\flexmark-ext-wikilink-0.50.44.jar;D:\apache-maven-3.6.3\repository\com\vladsch\flexmark\flexmark-ext-yaml-front-matter\0.50.44\flexmark-ext-yaml-front-matter-0.50.44.jar;D:\apache-maven-3.6.3\repository\com\vladsch\flexmark\flexmark-ext-youtube-embedded\0.50.44\flexmark-ext-youtube-embedded-0.50.44.jar;D:\apache-maven-3.6.3\repository\com\vladsch\flexmark\flexmark-formatter\0.50.44\flexmark-formatter-0.50.44.jar;D:\apache-maven-3.6.3\repository\com\vladsch\flexmark\flexmark-html-parser\0.50.44\flexmark-html-parser-0.50.44.jar;D:\apache-maven-3.6.3\repository\com\vladsch\flexmark\flexmark-html2md-converter\0.50.44\flexmark-html2md-converter-0.50.44.jar;D:\apache-maven-3.6.3\repository\com\vladsch\flexmark\flexmark-jira-converter\0.50.44\flexmark-jira-converter-0.50.44.jar;D:\apache-maven-3.6.3\repository\com\vladsch\flexmark\flexmark-pdf-converter\0.50.44\flexmark-pdf-converter-0.50.44.jar;D:\apache-maven-3.6.3\repository\com\openhtmltopdf\openhtmltopdf-core\1.0.0\openhtmltopdf-core-1.0.0.jar;D:\apache-maven-3.6.3\repository\com\openhtmltopdf\openhtmltopdf-pdfbox\1.0.0\openhtmltopdf-pdfbox-1.0.0.jar;D:\apache-maven-3.6.3\repository\org\apache\pdfbox\pdfbox\2.0.16\pdfbox-2.0.16.jar;D:\apache-maven-3.6.3\repository\org\apache\pdfbox\fontbox\2.0.16\fontbox-2.0.16.jar;D:\apache-maven-3.6.3\repository\commons-logging\commons-logging\1.2\commons-logging-1.2.jar;D:\apache-maven-3.6.3\repository\org\apache\pdfbox\xmpbox\2.0.16\xmpbox-2.0.16.jar;D:\apache-maven-3.6.3\repository\de\rototor\pdfbox\graphics2d\0.24\graphics2d-0.24.jar;D:\apache-maven-3.6.3\repository\com\openhtmltopdf\openhtmltopdf-rtl-support\1.0.0\openhtmltopdf-rtl-support-1.0.0.jar;D:\apache-maven-3.6.3\repository\com\ibm\icu\icu4j\59.1\icu4j-59.1.jar;D:\apache-maven-3.6.3\repository\com\openhtmltopdf\openhtmltopdf-jsoup-dom-converter\1.0.0\openhtmltopdf-jsoup-dom-converter-1.0.0.jar;D:\apache-maven-3.6.3\repository\com\vladsch\flexmark\flexmark-profile-pegdown\0.50.44\flexmark-profile-pegdown-0.50.44.jar;D:\apache-maven-3.6.3\repository\com\vladsch\flexmark\flexmark-util\0.50.44\flexmark-util-0.50.44.jar;D:\apache-maven-3.6.3\repository\com\vladsch\flexmark\flexmark-youtrack-converter\0.50.44\flexmark-youtrack-converter-0.50.44.jar;D:\apache-maven-3.6.3\repository\org\jsoup\jsoup\1.12.1\jsoup-1.12.1.jar;D:\apache-maven-3.6.3\repository\com\google\zxing\javase\3.3.0\javase-3.3.0.jar;D:\apache-maven-3.6.3\repository\com\google\zxing\core\3.3.0\core-3.3.0.jar;D:\apache-maven-3.6.3\repository\com\beust\jcommander\1.48\jcommander-1.48.jar;D:\apache-maven-3.6.3\repository\com\github\jai-imageio\jai-imageio-core\1.3.1\jai-imageio-core-1.3.1.jar;"/>
    <property name="java.vm.vendor" value="Oracle Corporation"/>
    <property name="sun.arch.data.model" value="64"/>
    <property name="user.variant" value=""/>
    <property name="java.vendor.url" value="http://java.oracle.com/"/>
    <property name="user.timezone" value="Asia/Shanghai"/>
    <property name="java.vm.specification.version" value="1.8"/>
    <property name="os.name" value="Windows 10"/>
    <property name="user.country" value="CN"/>
    <property name="sun.java.launcher" value="SUN_STANDARD"/>
    <property name="sun.boot.library.path" value="D:\JDK\java8\jdk\jre\bin"/>
    <property name="sun.java.command" value="C:\Users\BEIWAN~1\AppData\Local\Temp\surefire2010149463463372994\surefirebooter2339246038222721961.jar C:\Users\beiwangshan\AppData\Local\Temp\surefire2010149463463372994 2021-01-26T00-30-06_689-jvmRun1 surefire5488841481792221803tmp surefire_07114633096925720574tmp"/>
    <property name="surefire.test.class.path" value="G:\毕业设计\blog\code\bws_blog\target\test-classes;G:\毕业设计\blog\code\bws_blog\target\classes;D:\apache-maven-3.6.3\repository\org\springframework\boot\spring-boot-starter-web\2.3.5.RELEASE\spring-boot-starter-web-2.3.5.RELEASE.jar;D:\apache-maven-3.6.3\repository\org\springframework\boot\spring-boot-starter\2.3.5.RELEASE\spring-boot-starter-2.3.5.RELEASE.jar;D:\apache-maven-3.6.3\repository\org\springframework\boot\spring-boot\2.3.5.RELEASE\spring-boot-2.3.5.RELEASE.jar;D:\apache-maven-3.6.3\repository\org\springframework\boot\spring-boot-autoconfigure\2.3.5.RELEASE\spring-boot-autoconfigure-2.3.5.RELEASE.jar;D:\apache-maven-3.6.3\repository\org\springframework\boot\spring-boot-starter-logging\2.3.5.RELEASE\spring-boot-starter-logging-2.3.5.RELEASE.jar;D:\apache-maven-3.6.3\repository\ch\qos\logback\logback-classic\1.2.3\logback-classic-1.2.3.jar;D:\apache-maven-3.6.3\repository\ch\qos\logback\logback-core\1.2.3\logback-core-1.2.3.jar;D:\apache-maven-3.6.3\repository\org\apache\logging\log4j\log4j-to-slf4j\2.13.3\log4j-to-slf4j-2.13.3.jar;D:\apache-maven-3.6.3\repository\org\apache\logging\log4j\log4j-api\2.13.3\log4j-api-2.13.3.jar;D:\apache-maven-3.6.3\repository\org\slf4j\jul-to-slf4j\1.7.30\jul-to-slf4j-1.7.30.jar;D:\apache-maven-3.6.3\repository\jakarta\annotation\jakarta.annotation-api\1.3.5\jakarta.annotation-api-1.3.5.jar;D:\apache-maven-3.6.3\repository\org\springframework\spring-core\5.2.10.RELEASE\spring-core-5.2.10.RELEASE.jar;D:\apache-maven-3.6.3\repository\org\springframework\spring-jcl\5.2.10.RELEASE\spring-jcl-5.2.10.RELEASE.jar;D:\apache-maven-3.6.3\repository\org\yaml\snakeyaml\1.26\snakeyaml-1.26.jar;D:\apache-maven-3.6.3\repository\org\springframework\boot\spring-boot-starter-json\2.3.5.RELEASE\spring-boot-starter-json-2.3.5.RELEASE.jar;D:\apache-maven-3.6.3\repository\com\fasterxml\jackson\datatype\jackson-datatype-jdk8\2.11.3\jackson-datatype-jdk8-2.11.3.jar;D:\apache-maven-3.6.3\repository\com\fasterxml\jackson\datatype\jackson-datatype-jsr310\2.11.3\jackson-datatype-jsr310-2.11.3.jar;D:\apache-maven-3.6.3\repository\com\fasterxml\jackson\module\jackson-module-parameter-names\2.11.3\jackson-module-parameter-names-2.11.3.jar;D:\apache-maven-3.6.3\repository\org\springframework\boot\spring-boot-starter-tomcat\2.3.5.RELEASE\spring-boot-starter-tomcat-2.3.5.RELEASE.jar;D:\apache-maven-3.6.3\repository\org\apache\tomcat\embed\tomcat-embed-core\9.0.39\tomcat-embed-core-9.0.39.jar;D:\apache-maven-3.6.3\repository\org\glassfish\jakarta.el\3.0.3\jakarta.el-3.0.3.jar;D:\apache-maven-3.6.3\repository\org\apache\tomcat\embed\tomcat-embed-websocket\9.0.39\tomcat-embed-websocket-9.0.39.jar;D:\apache-maven-3.6.3\repository\org\springframework\spring-web\5.2.10.RELEASE\spring-web-5.2.10.RELEASE.jar;D:\apache-maven-3.6.3\repository\org\springframework\spring-beans\5.2.10.RELEASE\spring-beans-5.2.10.RELEASE.jar;D:\apache-maven-3.6.3\repository\org\springframework\spring-webmvc\5.2.10.RELEASE\spring-webmvc-5.2.10.RELEASE.jar;D:\apache-maven-3.6.3\repository\org\springframework\spring-context\5.2.10.RELEASE\spring-context-5.2.10.RELEASE.jar;D:\apache-maven-3.6.3\repository\org\springframework\spring-expression\5.2.10.RELEASE\spring-expression-5.2.10.RELEASE.jar;D:\apache-maven-3.6.3\repository\org\apache\commons\commons-pool2\2.8.1\commons-pool2-2.8.1.jar;D:\apache-maven-3.6.3\repository\org\springframework\boot\spring-boot-starter-data-jpa\2.3.5.RELEASE\spring-boot-starter-data-jpa-2.3.5.RELEASE.jar;D:\apache-maven-3.6.3\repository\org\springframework\boot\spring-boot-starter-aop\2.3.5.RELEASE\spring-boot-starter-aop-2.3.5.RELEASE.jar;D:\apache-maven-3.6.3\repository\org\aspectj\aspectjweaver\1.9.6\aspectjweaver-1.9.6.jar;D:\apache-maven-3.6.3\repository\org\springframework\boot\spring-boot-starter-jdbc\2.3.5.RELEASE\spring-boot-starter-jdbc-2.3.5.RELEASE.jar;D:\apache-maven-3.6.3\repository\com\zaxxer\HikariCP\3.4.5\HikariCP-3.4.5.jar;D:\apache-maven-3.6.3\repository\org\springframework\spring-jdbc\5.2.10.RELEASE\spring-jdbc-5.2.10.RELEASE.jar;D:\apache-maven-3.6.3\repository\jakarta\transaction\jakarta.transaction-api\1.3.3\jakarta.transaction-api-1.3.3.jar;D:\apache-maven-3.6.3\repository\jakarta\persistence\jakarta.persistence-api\2.2.3\jakarta.persistence-api-2.2.3.jar;D:\apache-maven-3.6.3\repository\org\hibernate\hibernate-core\5.4.22.Final\hibernate-core-5.4.22.Final.jar;D:\apache-maven-3.6.3\repository\org\jboss\logging\jboss-logging\3.4.1.Final\jboss-logging-3.4.1.Final.jar;D:\apache-maven-3.6.3\repository\org\javassist\javassist\3.24.0-GA\javassist-3.24.0-GA.jar;D:\apache-maven-3.6.3\repository\net\bytebuddy\byte-buddy\1.10.17\byte-buddy-1.10.17.jar;D:\apache-maven-3.6.3\repository\antlr\antlr\2.7.7\antlr-2.7.7.jar;D:\apache-maven-3.6.3\repository\org\jboss\jandex\2.1.3.Final\jandex-2.1.3.Final.jar;D:\apache-maven-3.6.3\repository\org\dom4j\dom4j\2.1.3\dom4j-2.1.3.jar;D:\apache-maven-3.6.3\repository\org\hibernate\common\hibernate-commons-annotations\5.1.0.Final\hibernate-commons-annotations-5.1.0.Final.jar;D:\apache-maven-3.6.3\repository\org\glassfish\jaxb\jaxb-runtime\2.3.3\jaxb-runtime-2.3.3.jar;D:\apache-maven-3.6.3\repository\jakarta\xml\bind\jakarta.xml.bind-api\2.3.3\jakarta.xml.bind-api-2.3.3.jar;D:\apache-maven-3.6.3\repository\org\glassfish\jaxb\txw2\2.3.3\txw2-2.3.3.jar;D:\apache-maven-3.6.3\repository\com\sun\istack\istack-commons-runtime\3.0.11\istack-commons-runtime-3.0.11.jar;D:\apache-maven-3.6.3\repository\com\sun\activation\jakarta.activation\1.2.2\jakarta.activation-1.2.2.jar;D:\apache-maven-3.6.3\repository\org\springframework\data\spring-data-jpa\2.3.5.RELEASE\spring-data-jpa-2.3.5.RELEASE.jar;D:\apache-maven-3.6.3\repository\org\springframework\data\spring-data-commons\2.3.5.RELEASE\spring-data-commons-2.3.5.RELEASE.jar;D:\apache-maven-3.6.3\repository\org\springframework\spring-orm\5.2.10.RELEASE\spring-orm-5.2.10.RELEASE.jar;D:\apache-maven-3.6.3\repository\org\springframework\spring-tx\5.2.10.RELEASE\spring-tx-5.2.10.RELEASE.jar;D:\apache-maven-3.6.3\repository\org\springframework\spring-aspects\5.2.10.RELEASE\spring-aspects-5.2.10.RELEASE.jar;D:\apache-maven-3.6.3\repository\mysql\mysql-connector-java\8.0.22\mysql-connector-java-8.0.22.jar;D:\apache-maven-3.6.3\repository\org\projectlombok\lombok\1.18.12\lombok-1.18.12.jar;D:\apache-maven-3.6.3\repository\io\springfox\springfox-swagger2\2.9.2\springfox-swagger2-2.9.2.jar;D:\apache-maven-3.6.3\repository\io\swagger\swagger-annotations\1.5.20\swagger-annotations-1.5.20.jar;D:\apache-maven-3.6.3\repository\io\swagger\swagger-models\1.5.20\swagger-models-1.5.20.jar;D:\apache-maven-3.6.3\repository\com\fasterxml\jackson\core\jackson-annotations\2.11.3\jackson-annotations-2.11.3.jar;D:\apache-maven-3.6.3\repository\io\springfox\springfox-spi\2.9.2\springfox-spi-2.9.2.jar;D:\apache-maven-3.6.3\repository\io\springfox\springfox-core\2.9.2\springfox-core-2.9.2.jar;D:\apache-maven-3.6.3\repository\io\springfox\springfox-schema\2.9.2\springfox-schema-2.9.2.jar;D:\apache-maven-3.6.3\repository\io\springfox\springfox-swagger-common\2.9.2\springfox-swagger-common-2.9.2.jar;D:\apache-maven-3.6.3\repository\io\springfox\springfox-spring-web\2.9.2\springfox-spring-web-2.9.2.jar;D:\apache-maven-3.6.3\repository\com\google\guava\guava\20.0\guava-20.0.jar;D:\apache-maven-3.6.3\repository\com\fasterxml\classmate\1.5.1\classmate-1.5.1.jar;D:\apache-maven-3.6.3\repository\org\slf4j\slf4j-api\1.7.30\slf4j-api-1.7.30.jar;D:\apache-maven-3.6.3\repository\org\springframework\plugin\spring-plugin-core\1.2.0.RELEASE\spring-plugin-core-1.2.0.RELEASE.jar;D:\apache-maven-3.6.3\repository\org\springframework\plugin\spring-plugin-metadata\1.2.0.RELEASE\spring-plugin-metadata-1.2.0.RELEASE.jar;D:\apache-maven-3.6.3\repository\org\mapstruct\mapstruct\1.2.0.Final\mapstruct-1.2.0.Final.jar;D:\apache-maven-3.6.3\repository\io\springfox\springfox-swagger-ui\2.9.2\springfox-swagger-ui-2.9.2.jar;D:\apache-maven-3.6.3\repository\com\github\xiaoymin\swagger-bootstrap-ui\1.8.1\swagger-bootstrap-ui-1.8.1.jar;D:\apache-maven-3.6.3\repository\org\springframework\boot\spring-boot-starter-security\2.3.5.RELEASE\spring-boot-starter-security-2.3.5.RELEASE.jar;D:\apache-maven-3.6.3\repository\org\springframework\spring-aop\5.2.10.RELEASE\spring-aop-5.2.10.RELEASE.jar;D:\apache-maven-3.6.3\repository\org\springframework\security\spring-security-config\5.3.5.RELEASE\spring-security-config-5.3.5.RELEASE.jar;D:\apache-maven-3.6.3\repository\org\springframework\security\spring-security-core\5.3.5.RELEASE\spring-security-core-5.3.5.RELEASE.jar;D:\apache-maven-3.6.3\repository\org\springframework\security\spring-security-web\5.3.5.RELEASE\spring-security-web-5.3.5.RELEASE.jar;D:\apache-maven-3.6.3\repository\com\github\whvcse\easy-captcha\1.6.2\easy-captcha-1.6.2.jar;D:\apache-maven-3.6.3\repository\com\sun\mail\javax.mail\1.6.2\javax.mail-1.6.2.jar;D:\apache-maven-3.6.3\repository\javax\activation\activation\1.1\activation-1.1.jar;D:\apache-maven-3.6.3\repository\io\jsonwebtoken\jjwt\0.6.0\jjwt-0.6.0.jar;D:\apache-maven-3.6.3\repository\com\fasterxml\jackson\core\jackson-databind\2.11.3\jackson-databind-2.11.3.jar;D:\apache-maven-3.6.3\repository\com\fasterxml\jackson\core\jackson-core\2.11.3\jackson-core-2.11.3.jar;D:\apache-maven-3.6.3\repository\org\springframework\boot\spring-boot-starter-data-redis\2.3.5.RELEASE\spring-boot-starter-data-redis-2.3.5.RELEASE.jar;D:\apache-maven-3.6.3\repository\org\springframework\data\spring-data-redis\2.3.5.RELEASE\spring-data-redis-2.3.5.RELEASE.jar;D:\apache-maven-3.6.3\repository\org\springframework\data\spring-data-keyvalue\2.3.5.RELEASE\spring-data-keyvalue-2.3.5.RELEASE.jar;D:\apache-maven-3.6.3\repository\org\springframework\spring-oxm\5.2.10.RELEASE\spring-oxm-5.2.10.RELEASE.jar;D:\apache-maven-3.6.3\repository\org\springframework\spring-context-support\5.2.10.RELEASE\spring-context-support-5.2.10.RELEASE.jar;D:\apache-maven-3.6.3\repository\io\lettuce\lettuce-core\5.3.5.RELEASE\lettuce-core-5.3.5.RELEASE.jar;D:\apache-maven-3.6.3\repository\io\netty\netty-common\4.1.53.Final\netty-common-4.1.53.Final.jar;D:\apache-maven-3.6.3\repository\io\netty\netty-handler\4.1.53.Final\netty-handler-4.1.53.Final.jar;D:\apache-maven-3.6.3\repository\io\netty\netty-resolver\4.1.53.Final\netty-resolver-4.1.53.Final.jar;D:\apache-maven-3.6.3\repository\io\netty\netty-buffer\4.1.53.Final\netty-buffer-4.1.53.Final.jar;D:\apache-maven-3.6.3\repository\io\netty\netty-codec\4.1.53.Final\netty-codec-4.1.53.Final.jar;D:\apache-maven-3.6.3\repository\io\netty\netty-transport\4.1.53.Final\netty-transport-4.1.53.Final.jar;D:\apache-maven-3.6.3\repository\io\projectreactor\reactor-core\3.3.11.RELEASE\reactor-core-3.3.11.RELEASE.jar;D:\apache-maven-3.6.3\repository\org\reactivestreams\reactive-streams\1.0.3\reactive-streams-1.0.3.jar;D:\apache-maven-3.6.3\repository\com\google\code\gson\gson\2.8.5\gson-2.8.5.jar;D:\apache-maven-3.6.3\repository\org\springframework\boot\spring-boot-starter-data-solr\2.3.5.RELEASE\spring-boot-starter-data-solr-2.3.5.RELEASE.jar;D:\apache-maven-3.6.3\repository\org\springframework\data\spring-data-solr\4.2.5.RELEASE\spring-data-solr-4.2.5.RELEASE.jar;D:\apache-maven-3.6.3\repository\org\apache\commons\commons-lang3\3.10\commons-lang3-3.10.jar;D:\apache-maven-3.6.3\repository\org\apache\solr\solr-solrj\8.5.2\solr-solrj-8.5.2.jar;D:\apache-maven-3.6.3\repository\commons-io\commons-io\2.6\commons-io-2.6.jar;D:\apache-maven-3.6.3\repository\io\netty\netty-transport-native-epoll\4.1.53.Final\netty-transport-native-epoll-4.1.53.Final.jar;D:\apache-maven-3.6.3\repository\io\netty\netty-transport-native-unix-common\4.1.53.Final\netty-transport-native-unix-common-4.1.53.Final.jar;D:\apache-maven-3.6.3\repository\org\apache\commons\commons-math3\3.6.1\commons-math3-3.6.1.jar;D:\apache-maven-3.6.3\repository\org\apache\httpcomponents\httpclient\4.5.13\httpclient-4.5.13.jar;D:\apache-maven-3.6.3\repository\org\apache\httpcomponents\httpcore\4.4.13\httpcore-4.4.13.jar;D:\apache-maven-3.6.3\repository\org\apache\httpcomponents\httpmime\4.5.13\httpmime-4.5.13.jar;D:\apache-maven-3.6.3\repository\org\apache\zookeeper\zookeeper\3.5.5\zookeeper-3.5.5.jar;D:\apache-maven-3.6.3\repository\org\apache\zookeeper\zookeeper-jute\3.5.5\zookeeper-jute-3.5.5.jar;D:\apache-maven-3.6.3\repository\org\eclipse\jetty\jetty-alpn-client\9.4.33.v20201020\jetty-alpn-client-9.4.33.v20201020.jar;D:\apache-maven-3.6.3\repository\org\eclipse\jetty\jetty-alpn-java-client\9.4.33.v20201020\jetty-alpn-java-client-9.4.33.v20201020.jar;D:\apache-maven-3.6.3\repository\org\eclipse\jetty\jetty-client\9.4.33.v20201020\jetty-client-9.4.33.v20201020.jar;D:\apache-maven-3.6.3\repository\org\eclipse\jetty\jetty-http\9.4.33.v20201020\jetty-http-9.4.33.v20201020.jar;D:\apache-maven-3.6.3\repository\org\eclipse\jetty\jetty-io\9.4.33.v20201020\jetty-io-9.4.33.v20201020.jar;D:\apache-maven-3.6.3\repository\org\eclipse\jetty\jetty-util\9.4.33.v20201020\jetty-util-9.4.33.v20201020.jar;D:\apache-maven-3.6.3\repository\org\eclipse\jetty\http2\http2-client\9.4.33.v20201020\http2-client-9.4.33.v20201020.jar;D:\apache-maven-3.6.3\repository\org\eclipse\jetty\http2\http2-common\9.4.33.v20201020\http2-common-9.4.33.v20201020.jar;D:\apache-maven-3.6.3\repository\org\eclipse\jetty\http2\http2-hpack\9.4.33.v20201020\http2-hpack-9.4.33.v20201020.jar;D:\apache-maven-3.6.3\repository\org\eclipse\jetty\http2\http2-http-client-transport\9.4.33.v20201020\http2-http-client-transport-9.4.33.v20201020.jar;D:\apache-maven-3.6.3\repository\org\eclipse\jetty\jetty-alpn-openjdk8-client\9.4.33.v20201020\jetty-alpn-openjdk8-client-9.4.33.v20201020.jar;D:\apache-maven-3.6.3\repository\com\vladsch\flexmark\flexmark-all\0.50.44\flexmark-all-0.50.44.jar;D:\apache-maven-3.6.3\repository\com\vladsch\flexmark\flexmark\0.50.44\flexmark-0.50.44.jar;D:\apache-maven-3.6.3\repository\com\vladsch\flexmark\flexmark-ext-abbreviation\0.50.44\flexmark-ext-abbreviation-0.50.44.jar;D:\apache-maven-3.6.3\repository\com\vladsch\flexmark\flexmark-ext-admonition\0.50.44\flexmark-ext-admonition-0.50.44.jar;D:\apache-maven-3.6.3\repository\com\vladsch\flexmark\flexmark-ext-anchorlink\0.50.44\flexmark-ext-anchorlink-0.50.44.jar;D:\apache-maven-3.6.3\repository\com\vladsch\flexmark\flexmark-ext-aside\0.50.44\flexmark-ext-aside-0.50.44.jar;D:\apache-maven-3.6.3\repository\com\vladsch\flexmark\flexmark-ext-attributes\0.50.44\flexmark-ext-attributes-0.50.44.jar;D:\apache-maven-3.6.3\repository\com\vladsch\flexmark\flexmark-ext-autolink\0.50.44\flexmark-ext-autolink-0.50.44.jar;D:\apache-maven-3.6.3\repository\org\nibor\autolink\autolink\0.6.0\autolink-0.6.0.jar;D:\apache-maven-3.6.3\repository\com\vladsch\flexmark\flexmark-ext-definition\0.50.44\flexmark-ext-definition-0.50.44.jar;D:\apache-maven-3.6.3\repository\com\vladsch\flexmark\flexmark-ext-emoji\0.50.44\flexmark-ext-emoji-0.50.44.jar;D:\apache-maven-3.6.3\repository\com\vladsch\flexmark\flexmark-ext-enumerated-reference\0.50.44\flexmark-ext-enumerated-reference-0.50.44.jar;D:\apache-maven-3.6.3\repository\com\vladsch\flexmark\flexmark-ext-escaped-character\0.50.44\flexmark-ext-escaped-character-0.50.44.jar;D:\apache-maven-3.6.3\repository\com\vladsch\flexmark\flexmark-ext-footnotes\0.50.44\flexmark-ext-footnotes-0.50.44.jar;D:\apache-maven-3.6.3\repository\com\vladsch\flexmark\flexmark-ext-gfm-issues\0.50.44\flexmark-ext-gfm-issues-0.50.44.jar;D:\apache-maven-3.6.3\repository\com\vladsch\flexmark\flexmark-ext-gfm-strikethrough\0.50.44\flexmark-ext-gfm-strikethrough-0.50.44.jar;D:\apache-maven-3.6.3\repository\com\vladsch\flexmark\flexmark-ext-gfm-tables\0.50.44\flexmark-ext-gfm-tables-0.50.44.jar;D:\apache-maven-3.6.3\repository\com\vladsch\flexmark\flexmark-ext-gfm-tasklist\0.50.44\flexmark-ext-gfm-tasklist-0.50.44.jar;D:\apache-maven-3.6.3\repository\com\vladsch\flexmark\flexmark-ext-gfm-users\0.50.44\flexmark-ext-gfm-users-0.50.44.jar;D:\apache-maven-3.6.3\repository\com\vladsch\flexmark\flexmark-ext-gitlab\0.50.44\flexmark-ext-gitlab-0.50.44.jar;D:\apache-maven-3.6.3\repository\com\vladsch\flexmark\flexmark-ext-jekyll-front-matter\0.50.44\flexmark-ext-jekyll-front-matter-0.50.44.jar;D:\apache-maven-3.6.3\repository\com\vladsch\flexmark\flexmark-ext-jekyll-tag\0.50.44\flexmark-ext-jekyll-tag-0.50.44.jar;D:\apache-maven-3.6.3\repository\com\vladsch\flexmark\flexmark-ext-media-tags\0.50.44\flexmark-ext-media-tags-0.50.44.jar;D:\apache-maven-3.6.3\repository\com\vladsch\flexmark\flexmark-ext-macros\0.50.44\flexmark-ext-macros-0.50.44.jar;D:\apache-maven-3.6.3\repository\com\vladsch\flexmark\flexmark-ext-ins\0.50.44\flexmark-ext-ins-0.50.44.jar;D:\apache-maven-3.6.3\repository\com\vladsch\flexmark\flexmark-ext-xwiki-macros\0.50.44\flexmark-ext-xwiki-macros-0.50.44.jar;D:\apache-maven-3.6.3\repository\com\vladsch\flexmark\flexmark-ext-superscript\0.50.44\flexmark-ext-superscript-0.50.44.jar;D:\apache-maven-3.6.3\repository\com\vladsch\flexmark\flexmark-ext-tables\0.50.44\flexmark-ext-tables-0.50.44.jar;D:\apache-maven-3.6.3\repository\com\vladsch\flexmark\flexmark-ext-toc\0.50.44\flexmark-ext-toc-0.50.44.jar;D:\apache-maven-3.6.3\repository\com\vladsch\flexmark\flexmark-ext-typographic\0.50.44\flexmark-ext-typographic-0.50.44.jar;D:\apache-maven-3.6.3\repository\com\vladsch\flexmark\flexmark-ext-wikilink\0.50.44\flexmark-ext-wikilink-0.50.44.jar;D:\apache-maven-3.6.3\repository\com\vladsch\flexmark\flexmark-ext-yaml-front-matter\0.50.44\flexmark-ext-yaml-front-matter-0.50.44.jar;D:\apache-maven-3.6.3\repository\com\vladsch\flexmark\flexmark-ext-youtube-embedded\0.50.44\flexmark-ext-youtube-embedded-0.50.44.jar;D:\apache-maven-3.6.3\repository\com\vladsch\flexmark\flexmark-formatter\0.50.44\flexmark-formatter-0.50.44.jar;D:\apache-maven-3.6.3\repository\com\vladsch\flexmark\flexmark-html-parser\0.50.44\flexmark-html-parser-0.50.44.jar;D:\apache-maven-3.6.3\repository\com\vladsch\flexmark\flexmark-html2md-converter\0.50.44\flexmark-html2md-converter-0.50.44.jar;D:\apache-maven-3.6.3\repository\com\vladsch\flexmark\flexmark-jira-converter\0.50.44\flexmark-jira-converter-0.50.44.jar;D:\apache-maven-3.6.3\repository\com\vladsch\flexmark\flexmark-pdf-converter\0.50.44\flexmark-pdf-converter-0.50.44.jar;D:\apache-maven-3.6.3\repository\com\openhtmltopdf\openhtmltopdf-core\1.0.0\openhtmltopdf-core-1.0.0.jar;D:\apache-maven-3.6.3\repository\com\openhtmltopdf\openhtmltopdf-pdfbox\1.0.0\openhtmltopdf-pdfbox-1.0.0.jar;D:\apache-maven-3.6.3\repository\org\apache\pdfbox\pdfbox\2.0.16\pdfbox-2.0.16.jar;D:\apache-maven-3.6.3\repository\org\apache\pdfbox\fontbox\2.0.16\fontbox-2.0.16.jar;D:\apache-maven-3.6.3\repository\commons-logging\commons-logging\1.2\commons-logging-1.2.jar;D:\apache-maven-3.6.3\repository\org\apache\pdfbox\xmpbox\2.0.16\xmpbox-2.0.16.jar;D:\apache-maven-3.6.3\repository\de\rototor\pdfbox\graphics2d\0.24\graphics2d-0.24.jar;D:\apache-maven-3.6.3\repository\com\openhtmltopdf\openhtmltopdf-rtl-support\1.0.0\openhtmltopdf-rtl-support-1.0.0.jar;D:\apache-maven-3.6.3\repository\com\ibm\icu\icu4j\59.1\icu4j-59.1.jar;D:\apache-maven-3.6.3\repository\com\openhtmltopdf\openhtmltopdf-jsoup-dom-converter\1.0.0\openhtmltopdf-jsoup-dom-converter-1.0.0.jar;D:\apache-maven-3.6.3\repository\com\vladsch\flexmark\flexmark-profile-pegdown\0.50.44\flexmark-profile-pegdown-0.50.44.jar;D:\apache-maven-3.6.3\repository\com\vladsch\flexmark\flexmark-util\0.50.44\flexmark-util-0.50.44.jar;D:\apache-maven-3.6.3\repository\com\vladsch\flexmark\flexmark-youtrack-converter\0.50.44\flexmark-youtrack-converter-0.50.44.jar;D:\apache-maven-3.6.3\repository\org\jsoup\jsoup\1.12.1\jsoup-1.12.1.jar;D:\apache-maven-3.6.3\repository\com\google\zxing\javase\3.3.0\javase-3.3.0.jar;D:\apache-maven-3.6.3\repository\com\google\zxing\core\3.3.0\core-3.3.0.jar;D:\apache-maven-3.6.3\repository\com\beust\jcommander\1.48\jcommander-1.48.jar;D:\apache-maven-3.6.3\repository\com\github\jai-imageio\jai-imageio-core\1.3.1\jai-imageio-core-1.3.1.jar;"/>
    <property name="sun.cpu.endian" value="little"/>
    <property name="user.home" value="C:\Users\beiwangshan"/>
    <property name="user.language" value="zh"/>
    <property name="java.specification.vendor" value="Oracle Corporation"/>
    <property name="java.home" value="D:\JDK\java8\jdk\jre"/>
    <property name="basedir" value="G:\毕业设计\blog\code\bws_blog"/>
    <property name="file.separator" value="\"/>
    <property name="line.separator" value="&#10;"/>
    <property name="java.vm.specification.vendor" value="Oracle Corporation"/>
    <property name="java.specification.name" value="Java Platform API Specification"/>
    <property name="java.awt.graphicsenv" value="sun.awt.Win32GraphicsEnvironment"/>
    <property name="surefire.real.class.path" value="C:\Users\BEIWAN~1\AppData\Local\Temp\surefire2010149463463372994\surefirebooter2339246038222721961.jar"/>
    <property name="sun.boot.class.path" value="D:\JDK\java8\jdk\jre\lib\resources.jar;D:\JDK\java8\jdk\jre\lib\rt.jar;D:\JDK\java8\jdk\jre\lib\sunrsasign.jar;D:\JDK\java8\jdk\jre\lib\jsse.jar;D:\JDK\java8\jdk\jre\lib\jce.jar;D:\JDK\java8\jdk\jre\lib\charsets.jar;D:\JDK\java8\jdk\jre\lib\jfr.jar;D:\JDK\java8\jdk\jre\classes"/>
    <property name="user.script" value=""/>
    <property name="sun.management.compiler" value="HotSpot 64-Bit Tiered Compilers"/>
    <property name="java.runtime.version" value="1.8.0_60-b27"/>
    <property name="user.name" value="beiwangshan"/>
    <property name="path.separator" value=";"/>
    <property name="os.version" value="10.0"/>
    <property name="java.endorsed.dirs" value="D:\JDK\java8\jdk\jre\lib\endorsed"/>
    <property name="java.runtime.name" value="Java(TM) SE Runtime Environment"/>
    <property name="file.encoding" value="GBK"/>
    <property name="java.vm.name" value="Java HotSpot(TM) 64-Bit Server VM"/>
    <property name="localRepository" value="D:\apache-maven-3.6.3\repository"/>
    <property name="java.vendor.url.bug" value="http://bugreport.sun.com/bugreport/"/>
    <property name="java.io.tmpdir" value="C:\Users\BEIWAN~1\AppData\Local\Temp\"/>
    <property name="idea.version" value="2020.3.1"/>
    <property name="java.version" value="1.8.0_60"/>
    <property name="user.dir" value="G:\毕业设计\blog\code\bws_blog"/>
    <property name="os.arch" value="amd64"/>
    <property name="java.vm.specification.name" value="Java Virtual Machine Specification"/>
    <property name="java.awt.printerjob" value="sun.awt.windows.WPrinterJob"/>
    <property name="sun.os.patch.level" value=""/>
    <property name="java.library.path" value="D:\JDK\java8\jdk\jre\bin;C:\Windows\Sun\Java\bin;C:\Windows\system32;C:\Windows;C:\Program Files (x86)\Common Files\Oracle\Java\javapath;D:\VMware\bin\;D:\Program Files (x86)\NetSarang\Xshell 6\;&quot;D:\JDK\java8\jdk\bin;D:\JDK\java8\jdk\jre\bin;&quot;;C:\ProgramData\Oracle\Java\javapath;C:\Windows\system32;C:\Windows;C:\Windows\System32\Wbem;C:\Windows\System32\WindowsPowerShell\v1.0\;C:\Windows\System32\OpenSSH\;C:\Program Files\Intel\WiFi\bin\;C:\Program Files\Common Files\Intel\WirelessCommon\;D:\Program Files\nodejs\;D:\Program Files\Git\cmd;D:\Program Files\Redis\;D:\apache-maven-3.6.3\apache-maven-3.6.3\bin;C:\Program Files\MySQL\MySQL Shell 8.0\bin\;C:\Users\beiwangshan\AppData\Roaming\npm;."/>
    <property name="java.vm.info" value="mixed mode"/>
    <property name="java.vendor" value="Oracle Corporation"/>
    <property name="java.vm.version" value="25.60-b23"/>
    <property name="java.ext.dirs" value="D:\JDK\java8\jdk\jre\lib\ext;C:\Windows\Sun\Java\lib\ext"/>
    <property name="sun.io.unicode.encoding" value="UnicodeLittle"/>
    <property name="maven.repo.local" value="D:\apache-maven-3.6.3\repository"/>
    <property name="java.class.version" value="52.0"/>
  </properties>
</testsuite>